<?xml version="1.0" encoding="UTF-8"?>
<testng-results ignored="0" total="1" passed="1" failed="0" skipped="0">
  <reporter-output>
  </reporter-output>
  <suite started-at="2022-11-10T18:41:24 IST" name="Default suite" finished-at="2022-11-10T18:46:26 IST" duration-ms="302236">
    <groups>
      <group name="cucumber">
        <method signature="AbstractTestNGCucumberTests.runScenario(io.cucumber.testng.PickleWrapper,io.cucumber.testng.FeatureWrapper)[pri:0, instance:com.apexit.testrunner.TestRunner@4b7dc788]" name="runScenario" class="io.cucumber.testng.AbstractTestNGCucumberTests"/>
      </group> <!-- cucumber -->
    </groups>
    <test started-at="2022-11-10T18:41:24 IST" name="Default test" finished-at="2022-11-10T18:46:26 IST" duration-ms="302236">
      <class name="com.apexit.testrunner.TestRunner">
        <test-method is-config="true" signature="setUpClass()[pri:0, instance:com.apexit.testrunner.TestRunner@4b7dc788]" started-at="2022-11-10T18:41:24 IST" name="setUpClass" finished-at="2022-11-10T18:41:25 IST" duration-ms="916" status="PASS">
          <reporter-output>
          </reporter-output>
        </test-method> <!-- setUpClass -->
        <test-method is-config="true" signature="setUp()[pri:0, instance:com.apexit.testrunner.TestRunner@4b7dc788]" started-at="2022-11-10T18:41:25 IST" name="setUp" finished-at="2022-11-10T18:41:27 IST" duration-ms="2180" status="PASS">
          <reporter-output>
          </reporter-output>
        </test-method> <!-- setUp -->
        <test-method is-config="true" signature="beforeMethod()[pri:0, instance:com.apexit.testrunner.TestRunner@4b7dc788]" started-at="2022-11-10T18:41:27 IST" name="beforeMethod" finished-at="2022-11-10T18:41:27 IST" duration-ms="0" status="PASS">
          <reporter-output>
          </reporter-output>
        </test-method> <!-- beforeMethod -->
        <test-method signature="runScenario(io.cucumber.testng.PickleWrapper,io.cucumber.testng.FeatureWrapper)[pri:0, instance:com.apexit.testrunner.TestRunner@4b7dc788]" started-at="2022-11-10T18:41:27 IST" name="runScenario" description="Runs Cucumber Scenarios" data-provider="scenarios" finished-at="2022-11-10T18:46:06 IST" duration-ms="278663" status="PASS">
          <params>
            <param index="0">
              <value>
                <![CDATA["Create Contact"]]>
              </value>
            </param>
            <param index="1">
              <value>
                <![CDATA["Optional[Create Contact]"]]>
              </value>
            </param>
          </params>
          <reporter-output>
          </reporter-output>
        </test-method> <!-- runScenario -->
        <test-method is-config="true" signature="failedScenario()[pri:0, instance:com.apexit.testrunner.TestRunner@4b7dc788]" started-at="2022-11-10T18:46:06 IST" name="failedScenario" finished-at="2022-11-10T18:46:06 IST" duration-ms="1" status="PASS">
          <reporter-output>
          </reporter-output>
        </test-method> <!-- failedScenario -->
        <test-method is-config="true" signature="tearDown()[pri:0, instance:com.apexit.testrunner.TestRunner@4b7dc788]" started-at="2022-11-10T18:46:06 IST" name="tearDown" finished-at="2022-11-10T18:46:07 IST" duration-ms="1157" status="PASS">
          <reporter-output>
          </reporter-output>
        </test-method> <!-- tearDown -->
        <test-method is-config="true" signature="tearDownClass()[pri:0, instance:com.apexit.testrunner.TestRunner@4b7dc788]" started-at="2022-11-10T18:46:07 IST" name="tearDownClass" finished-at="2022-11-10T18:46:26 IST" duration-ms="19280" status="PASS">
          <reporter-output>
          </reporter-output>
        </test-method> <!-- tearDownClass -->
      </class> <!-- com.apexit.testrunner.TestRunner -->
    </test> <!-- Default test -->
  </suite> <!-- Default suite -->
</testng-results>
